INFO:sim:172 - Generating IP...
Applying current project options...
Finished applying current project options.
Resolving generics for 'data_fifo'...
WARNING:sim - A core named 'data_fifo' already exists in the project. Output
   products for this core may be overwritten.
Applying external generics to 'data_fifo'...
Delivering associated files for 'data_fifo'...
Delivering EJava files for 'data_fifo'...
Generating implementation netlist for 'data_fifo'...
INFO:sim - Pre-processing HDL files for 'data_fifo'...
WARNING:sim - BlackBox generator run option '-ifmt' found multiple times. Only
   the first occurence is considered.
Running synthesis for 'data_fifo'
Running ngcbuild...
Writing VHO instantiation template for 'data_fifo'...
Writing VHDL behavioral simulation model for 'data_fifo'...
WARNING:sim - Overwriting existing file
   /home/dean/public_html/Xilinx/G-2Dan/trunk/vhdl/cores/tmp/_cg/data_fifo/doc/f
   ifo_generator_v9_3_vinfo.html with file from view xilinx_documentation
Delivered 3 files into directory
/home/dean/public_html/Xilinx/G-2Dan/trunk/vhdl/cores/tmp/_cg/data_fifo
Delivered 1 file into directory
/home/dean/public_html/Xilinx/G-2Dan/trunk/vhdl/cores/tmp/_cg/data_fifo
Generating ASY schematic symbol...
INFO:sim:949 - Finished generation of ASY schematic symbol.
Generating SYM schematic symbol for 'data_fifo'...
Generating metadata file...
Regenerating ISE project file for 'data_fifo'...
Generating ISE project...
XCO file found: data_fifo.xco
XMDF file found: data_fifo_xmdf.tcl
Adding
/home/dean/public_html/Xilinx/G-2Dan/trunk/vhdl/cores/tmp/_cg/data_fifo.asy
-view all -origin_type imported
Adding
/home/dean/public_html/Xilinx/G-2Dan/trunk/vhdl/cores/tmp/_cg/data_fifo.ngc
-view all -origin_type created
Checking file
"/home/dean/public_html/Xilinx/G-2Dan/trunk/vhdl/cores/tmp/_cg/data_fifo.ngc"
for project device match ...
File
"/home/dean/public_html/Xilinx/G-2Dan/trunk/vhdl/cores/tmp/_cg/data_fifo.ngc"
device information matches project device.
Adding
/home/dean/public_html/Xilinx/G-2Dan/trunk/vhdl/cores/tmp/_cg/data_fifo.sym
-view all -origin_type imported
Adding
/home/dean/public_html/Xilinx/G-2Dan/trunk/vhdl/cores/tmp/_cg/data_fifo.vhd
-view all -origin_type created
INFO:HDLCompiler:1061 - Parsing VHDL file
   "/home/dean/public_html/Xilinx/G-2Dan/trunk/vhdl/cores/tmp/_cg/data_fifo.vhd"
   into library work
INFO:ProjectMgmt - Parsing design hierarchy completed successfully.
Adding
/home/dean/public_html/Xilinx/G-2Dan/trunk/vhdl/cores/tmp/_cg/data_fifo.vho
-view all -origin_type imported
INFO:TclTasksC:2116 - The automatic calculation of top has been turned-off.
   Please set the new top explicitly by running the "project set top" command.
   To re-calculate the new top automatically, set the "Auto Implementation Top"
   property to true.
Top level has been set to "/data_fifo"
Generating README file...
Generating FLIST file...
INFO:sim:948 - Finished FLIST file generation.
Moving files to output directory...
Finished moving files to output directory
Wrote CGP file for project 'data_fifo'.
